<?xml version="1.0" encoding="UTF-8"?>
<!-- Generated by org.testng.reporters.JUnitReportReporter -->
<testsuite skipped="0" hostname="DESKTOP-F5BRIJ9" name="com.runner.RunnerClass" tests="3" failures="0" timestamp="2023-01-20T13:49:16 IST" time="0.498" errors="0">
  <testcase name="runScenario" time="0.034" classname="com.runner.RunnerClass"/>
  <system-out/>
  <testcase name="runScenario" time="0.434" classname="com.runner.RunnerClass"/>
  <system-out/>
  <testcase name="runScenario" time="0.030" classname="com.runner.RunnerClass"/>
  <system-out/>
</testsuite> <!-- com.runner.RunnerClass -->
