<?xml version="1.0" encoding="UTF-8"?>
<!-- Generated by org.testng.reporters.JUnitReportReporter -->
<testsuite skipped="0" hostname="DESKTOP-F5BRIJ9" name="com.runner.RunnerClass" tests="4" failures="0" timestamp="2023-01-25T18:11:24 IST" time="0.469" errors="0">
  <testcase name="runScenario" time="0.018" classname="com.runner.RunnerClass"/>
  <system-out/>
  <testcase name="runScenario" time="0.376" classname="com.runner.RunnerClass"/>
  <system-out/>
  <testcase name="runScenario" time="0.032" classname="com.runner.RunnerClass"/>
  <system-out/>
  <testcase name="runScenario" time="0.043" classname="com.runner.RunnerClass"/>
  <system-out/>
</testsuite> <!-- com.runner.RunnerClass -->
