<?xml version="1.0" encoding="UTF-8"?>
<!-- Generated by org.testng.reporters.JUnitReportReporter -->
<testsuite skipped="0" hostname="DESKTOP-F5BRIJ9" name="com.runner.RunnerClass" tests="4" failures="0" timestamp="2023-01-27T14:39:54 IST" time="0.489" errors="0">
  <testcase name="runScenario" time="0.387" classname="com.runner.RunnerClass"/>
  <system-out/>
  <testcase name="runScenario" time="0.052" classname="com.runner.RunnerClass"/>
  <system-out/>
  <testcase name="runScenario" time="0.031" classname="com.runner.RunnerClass"/>
  <system-out/>
  <testcase name="runScenario" time="0.019" classname="com.runner.RunnerClass"/>
  <system-out/>
</testsuite> <!-- com.runner.RunnerClass -->
