<?xml version="1.0" encoding="UTF-8"?>
<!-- Generated by org.testng.reporters.JUnitReportReporter -->
<testsuite skipped="0" hostname="DESKTOP-F5BRIJ9" name="com.runner.RunnerClass" tests="4" failures="2" timestamp="2023-01-27T14:35:06 IST" time="97.277" errors="0">
  <testcase name="runScenario" time="12.389" classname="com.runner.RunnerClass"/>
  <system-out/>
  <testcase name="runScenario" time="33.019" classname="com.runner.RunnerClass">
    <failure type="java.lang.AssertionError" message="expected [true] but found [false]">
      <![CDATA[java.lang.AssertionError: expected [true] but found [false]
at org.testng.Assert.fail(Assert.java:99)
at org.testng.Assert.failNotEquals(Assert.java:1037)
at org.testng.Assert.assertTrue(Assert.java:45)
at org.testng.Assert.assertTrue(Assert.java:55)
at com.stepDef.CustomerAddStep.user_can_view_confirmation_message(CustomerAddStep.java:76)
at ✽.User can view confirmation message "The new customer has been added successfully."(file:///C:/Users/Admin/eclipse-OJT(SELENIUM)/TestNGWithCucumber/src/test/resources/features/Customers.feature:16)
]]>
    </failure>
  </testcase> <!-- runScenario -->
  <system-out/>
  <testcase name="runScenario" time="22.150" classname="com.runner.RunnerClass">
    <failure type="java.lang.AssertionError" message="expected [Dashboard / nopCommerce administration] but found [Your store. Login]">
      <![CDATA[java.lang.AssertionError: expected [Dashboard / nopCommerce administration] but found [Your store. Login]
at org.testng.Assert.fail(Assert.java:99)
at org.testng.Assert.failNotEquals(Assert.java:1037)
at org.testng.Assert.assertEqualsImpl(Assert.java:140)
at org.testng.Assert.assertEquals(Assert.java:122)
at org.testng.Assert.assertEquals(Assert.java:629)
at org.testng.Assert.assertEquals(Assert.java:639)
at com.stepDef.LoginStep.page_title_should_be(LoginStep.java:40)
at ✽.Page title should be "Dashboard / nopCommerce administration"(file:///C:/Users/Admin/eclipse-OJT(SELENIUM)/TestNGWithCucumber/src/test/resources/features/Login.feature:28)
]]>
    </failure>
  </testcase> <!-- runScenario -->
  <system-out/>
  <testcase name="runScenario" time="29.719" classname="com.runner.RunnerClass"/>
  <system-out/>
</testsuite> <!-- com.runner.RunnerClass -->
